0 info it worked if it ends with ok
1 verbose cli [ 'C:\\Program Files\\nodejs\\node.exe',
1 verbose cli   'C:\\Users\\Son\\AppData\\Roaming\\npm\\node_modules\\npm\\bin\\npm-cli.js',
1 verbose cli   'install',
1 verbose cli   '[-g]',
1 verbose cli   'shelljs' ]
2 info using npm@3.7.5
3 info using node@v4.3.1
4 silly loadCurrentTree Starting
5 silly install loadCurrentTree
6 silly install readLocalPackageData
7 silly fetchPackageMetaData [-g]
8 silly fetchPackageMetaData shelljs
9 silly fetchOtherPackageData [-g]
10 silly cache add args [ '[-g]', null ]
11 verbose cache add spec [-g]
12 silly fetchNamedPackageData shelljs
13 silly mapToRegistry name shelljs
14 silly mapToRegistry using default registry
15 silly mapToRegistry registry https://registry.npmjs.org/
16 silly mapToRegistry uri https://registry.npmjs.org/shelljs
17 silly cache add parsed spec Result {
17 silly cache add   raw: '[-g]',
17 silly cache add   scope: null,
17 silly cache add   name: null,
17 silly cache add   rawSpec: '[-g]',
17 silly cache add   spec: 'C:\\Users\\Son\\Documents\\BlackJack\\[-g]',
17 silly cache add   type: 'local' }
18 verbose request uri https://registry.npmjs.org/shelljs
19 verbose request no auth needed
20 info attempt registry request try #1 at 4:21:51 PM
21 verbose request id 9f8159cf3bd65cd5
22 http request GET https://registry.npmjs.org/shelljs
23 error addLocal Could not install C:\Users\Son\Documents\BlackJack\[-g]
24 silly fetchPackageMetaData Error: ENOENT: no such file or directory, open 'C:\Users\Son\Documents\BlackJack\[-g]'
24 silly fetchPackageMetaData     at Error (native)
24 silly fetchPackageMetaData  error for [-g] { [Error: ENOENT: no such file or directory, open 'C:\Users\Son\Documents\BlackJack\[-g]']
24 silly fetchPackageMetaData   errno: -4058,
24 silly fetchPackageMetaData   code: 'ENOENT',
24 silly fetchPackageMetaData   syscall: 'open',
24 silly fetchPackageMetaData   path: 'C:\\Users\\Son\\Documents\\BlackJack\\[-g]' }
25 http 200 https://registry.npmjs.org/shelljs
26 verbose headers { server: 'CouchDB/1.5.0 (Erlang OTP/R16B03)',
26 verbose headers   etag: '"478MWXA0M5DXZ2SGXZO30ZBGA"',
26 verbose headers   'content-type': 'application/json',
26 verbose headers   'cache-control': 'max-age=300',
26 verbose headers   'content-length': '58711',
26 verbose headers   'accept-ranges': 'bytes',
26 verbose headers   date: 'Sun, 28 Feb 2016 21:21:51 GMT',
26 verbose headers   via: '1.1 varnish',
26 verbose headers   age: '129',
26 verbose headers   connection: 'keep-alive',
26 verbose headers   'x-served-by': 'cache-atl6221-ATL',
26 verbose headers   'x-cache': 'HIT',
26 verbose headers   'x-cache-hits': '1',
26 verbose headers   'x-timer': 'S1456694511.871227,VS0,VE0',
26 verbose headers   vary: 'Accept' }
27 silly get cb [ 200,
27 silly get   { server: 'CouchDB/1.5.0 (Erlang OTP/R16B03)',
27 silly get     etag: '"478MWXA0M5DXZ2SGXZO30ZBGA"',
27 silly get     'content-type': 'application/json',
27 silly get     'cache-control': 'max-age=300',
27 silly get     'content-length': '58711',
27 silly get     'accept-ranges': 'bytes',
27 silly get     date: 'Sun, 28 Feb 2016 21:21:51 GMT',
27 silly get     via: '1.1 varnish',
27 silly get     age: '129',
27 silly get     connection: 'keep-alive',
27 silly get     'x-served-by': 'cache-atl6221-ATL',
27 silly get     'x-cache': 'HIT',
27 silly get     'x-cache-hits': '1',
27 silly get     'x-timer': 'S1456694511.871227,VS0,VE0',
27 silly get     vary: 'Accept' } ]
28 verbose get saving shelljs to C:\Users\Son\AppData\Roaming\npm-cache\registry.npmjs.org\shelljs\.cache.json
29 verbose correctMkdir C:\Users\Son\AppData\Roaming\npm-cache correctMkdir not in flight; initializing
30 silly rollbackFailedOptional Starting
31 silly rollbackFailedOptional Finishing
32 silly runTopLevelLifecycles Starting
33 silly runTopLevelLifecycles Finishing
34 silly install printInstalled
35 verbose stack Error: ENOENT: no such file or directory, open 'C:\Users\Son\Documents\BlackJack\[-g]'
35 verbose stack     at Error (native)
36 verbose cwd C:\Users\Son\Documents\BlackJack
37 error Windows_NT 10.0.10586
38 error argv "C:\\Program Files\\nodejs\\node.exe" "C:\\Users\\Son\\AppData\\Roaming\\npm\\node_modules\\npm\\bin\\npm-cli.js" "install" "[-g]" "shelljs"
39 error node v4.3.1
40 error npm  v3.7.5
41 error path C:\Users\Son\Documents\BlackJack\[-g]
42 error code ENOENT
43 error errno -4058
44 error syscall open
45 error enoent ENOENT: no such file or directory, open 'C:\Users\Son\Documents\BlackJack\[-g]'
46 error enoent ENOENT: no such file or directory, open 'C:\Users\Son\Documents\BlackJack\[-g]'
46 error enoent This is most likely not a problem with npm itself
46 error enoent and is related to npm not being able to find a file.
47 verbose exit [ -4058, true ]
